<?xml version="1.0" encoding="UTF-8"?>
<!-- Generated by org.testng.reporters.JUnitReportReporter -->
<testsuite hostname="Apples-MacBook-Air.local" failures="0" tests="1" name="introduction.TestNgS$SeleniumWebdriverTest" time="5.022" errors="0" timestamp="2020-06-18T11:28:30 IST" skipped="0">
  <testcase classname="introduction.TestNgS$SeleniumWebdriverTest" name="MyFirstTestNGTestCase2" time="5.022"/>
  <system-out/>
</testsuite> <!-- introduction.TestNgS$SeleniumWebdriverTest -->
