<?xml version="1.0" encoding="UTF-8"?>
<!-- Generated by org.testng.reporters.JUnitReportReporter -->
<testsuite hostname="Apples-MacBook-Air.local" failures="0" tests="1" name="introduction.CartTestNg" time="15.708" errors="0" timestamp="2020-06-17T15:34:36 IST" skipped="0">
  <testcase classname="introduction.CartTestNg" name="MyFirstTestNGTestCase" time="15.708"/>
  <system-out/>
</testsuite> <!-- introduction.CartTestNg -->
