<?xml version="1.0" encoding="UTF-8"?>
<!-- Generated by org.testng.reporters.JUnitReportReporter -->
<testsuite hostname="Apples-MacBook-Air.local" failures="0" tests="1" name="introduction.TestNg$SeleniumWebdriverTest" time="5.115" errors="0" timestamp="2020-06-18T11:28:30 IST" skipped="0">
  <testcase classname="introduction.TestNg$SeleniumWebdriverTest" name="MyFirstTestNGTestCase" time="5.115"/>
  <system-out/>
</testsuite> <!-- introduction.TestNg$SeleniumWebdriverTest -->
